c:\users\kinect project\desktop\colorbasics-d2d -v19 - head\x64\debug\vc120.pdb
c:\users\kinect project\desktop\colorbasics-d2d -v19 - head\x64\debug\vc120.idb
c:\users\kinect project\desktop\colorbasics-d2d -v19 - head\x64\debug\colorbasics.obj
c:\users\kinect project\desktop\colorbasics-d2d -v19 - head\x64\debug\imagerenderer.obj
c:\users\kinect project\desktop\colorbasics-d2d -v19 - head\x64\debug\colorbasics-d2d.lib
c:\users\kinect project\desktop\colorbasics-d2d -v19 - head\x64\debug\colorbasics-d2d.exp
c:\users\kinect project\desktop\colorbasics-d2d -v19 - head\x64\debug\colorbasics-d2d.ilk
c:\users\kinect project\desktop\colorbasics-d2d -v19 - head\x64\debug\colorbasics-d2d.exe
c:\users\kinect project\desktop\colorbasics-d2d -v19 - head\x64\debug\colorbasics-d2d.pdb
c:\users\kinect project\desktop\colorbasics-d2d -v19 - head\x64\debug\colorbasics.res
c:\users\kinect project\desktop\colorbasics-d2d -v19 - head\x64\debug\colorbasics-d2d.tlog\cl.command.1.tlog
c:\users\kinect project\desktop\colorbasics-d2d -v19 - head\x64\debug\colorbasics-d2d.tlog\cl.read.1.tlog
c:\users\kinect project\desktop\colorbasics-d2d -v19 - head\x64\debug\colorbasics-d2d.tlog\cl.write.1.tlog
c:\users\kinect project\desktop\colorbasics-d2d -v19 - head\x64\debug\colorbasics-d2d.tlog\colorbasics-d2d.write.1u.tlog
c:\users\kinect project\desktop\colorbasics-d2d -v19 - head\x64\debug\colorbasics-d2d.tlog\link.command.1.tlog
c:\users\kinect project\desktop\colorbasics-d2d -v19 - head\x64\debug\colorbasics-d2d.tlog\link.read.1.tlog
c:\users\kinect project\desktop\colorbasics-d2d -v19 - head\x64\debug\colorbasics-d2d.tlog\link.write.1.tlog
c:\users\kinect project\desktop\colorbasics-d2d -v19 - head\x64\debug\colorbasics-d2d.tlog\rc.command.1.tlog
c:\users\kinect project\desktop\colorbasics-d2d -v19 - head\x64\debug\colorbasics-d2d.tlog\rc.read.1.tlog
c:\users\kinect project\desktop\colorbasics-d2d -v19 - head\x64\debug\colorbasics-d2d.tlog\rc.write.1.tlog
